{"timestamp": "2024-05-21T10:05:15.123+0000", "rule": {"level": 11, "description": "Possible kernel level rootkit", "id": "521", "mitre": {"id": ["T1014"], "tactic": ["Defense Evasion"], "technique": ["Rootkit"]}, "firedtimes": 1, "mail": false, "groups": ["ossec", "rootcheck"]}, "agent": {"id": "ALU-003", "name": "ALU-ORDPROC-PROD-01", "ip": "10.60.5.25", "labels": {"group": "aluskort-prod"}}, "manager": {"name": "wazuh-manager-alus"}, "id": "1716285915.9646311", "full_log": "Process '2508' hidden from /proc. Possible kernel level rootkit.", "decoder": {"name": "rootcheck"}, "data": {"title": "Process '2508' hidden from /proc."}, "location": "rootcheck"}
{"timestamp": "2024-05-21T10:10:30.456+0000", "rule": {"level": 10, "description": "High amount of POST requests in a small period of time (likely bot).", "id": "31533", "mitre": {"id": ["T1498"], "tactic": ["Impact"], "technique": ["Network Denial of Service"]}, "frequency": 8, "firedtimes": 1, "mail": false, "groups": ["web", "appsec", "attack"], "pci_dss": ["6.5", "11.4"], "gdpr": ["IV_35.7.d"], "nist_800_53": ["SA.11", "SI.4"], "tsc": ["CC6.6", "CC7.1", "CC8.1", "CC6.1", "CC6.8", "CC7.2", "CC7.3"]}, "agent": {"id": "ALU-001", "name": "ALU-WEB-PROD-01", "ip": "10.50.1.10", "labels": {"group": "aluskort-prod"}}, "manager": {"name": "wazuh-manager-alus"}, "id": "1716286230.10158622", "previous_output": "198.51.100.25 - 10.50.1.10 80 POST /cart/add - 200 - AluskortBot/1.0\n198.51.100.25 - 10.50.1.10 80 POST /cart/add - 200 - AluskortBot/1.0\n198.51.100.25 - 10.50.1.10 80 POST /cart/add - 200 - AluskortBot/1.0\n198.51.100.25 - 10.50.1.10 80 POST /cart/add - 200 - AluskortBot/1.0\n198.51.100.25 - 10.50.1.10 80 POST /cart/add - 200 - AluskortBot/1.0\n198.51.100.25 - 10.50.1.10 80 POST /cart/add - 200 - AluskortBot/1.0\n198.51.100.25 - 10.50.1.10 80 POST /cart/add - 200 - AluskortBot/1.0\n198.51.100.25 - 10.50.1.10 80 POST /cart/add - 200 - AluskortBot/1.0", "full_log": "198.51.100.25 - 10.50.1.10 80 POST /cart/add - 200 - AluskortBot/1.0", "decoder": {"name": "web-accesslog"}, "data": {"protocol": "POST", "srcip": "198.51.100.25", "id": "200", "url": "/cart/add"}, "location": "C:\\inetpub\\logs\\LogFiles\\W3SVC1\\u_ex240521.log"}
{"timestamp": "2024-05-21T10:15:45.789+0000", "rule": {"level": 11, "description": "Possible kernel level rootkit", "id": "521", "mitre": {"id": ["T1014"], "tactic": ["Defense Evasion"], "technique": ["Rootkit"]}, "firedtimes": 1, "mail": false, "groups": ["ossec", "rootcheck"]}, "agent": {"id": "ALU-013", "name": "ALU-SUPPORT-PROD-01", "ip": "10.60.8.10", "labels": {"group": "aluskort-prod"}}, "manager": {"name": "wazuh-manager-alus"}, "id": "1716286545.16316133", "full_log": "Anomaly detected in file '/tmp/.X11-unix/Xrootkit'. Hidden from stats, but showing up on readdir. Possible kernel level rootkit.", "decoder": {"name": "rootcheck"}, "data": {"title": "Anomaly detected in file '/tmp/.X11-unix/Xrootkit'."}, "location": "rootcheck"}
{"timestamp": "2024-05-21T10:20:50.912+0000", "rule": {"level": 10, "description": "Multiple web server 400 error codes from same source ip.", "id": "31151", "mitre": {"id": ["T1595.002"], "tactic": ["Reconnaissance"], "technique": ["Vulnerability Scanning"]}, "frequency": 14, "firedtimes": 1, "mail": false, "groups": ["web", "accesslog", "web_scan", "recon"], "pci_dss": ["6.5", "11.4"], "gdpr": ["IV_35.7.d"], "nist_800_53": ["SA.11", "SI.4"], "tsc": ["CC6.6", "CC7.1", "CC8.1", "CC6.1", "CC6.8", "CC7.2", "CC7.3"]}, "agent": {"id": "ALU-001", "name": "ALU-WEB-PROD-01", "ip": "10.50.1.10", "labels": {"group": "aluskort-prod"}}, "manager": {"name": "wazuh-manager-alus"}, "id": "1716286850.27167544", "previous_output": "47.250.57.32 - 10.50.1.10 80 GET /old_admin_panel/login.php - 404 - Scanner/1.0\n47.250.57.32 - 10.50.1.10 80 GET /backup/config.xml - 404 - Scanner/1.0\n47.250.57.32 - 10.50.1.10 80 GET /scripts/setup.php - 404 - Scanner/1.0\n47.250.57.32 - 10.50.1.10 80 GET /test.aspx - 404 - Scanner/1.0", "full_log": "47.250.57.32 - 10.50.1.10 80 GET /config/wp-config.php.bak - 404 - Scanner/1.0", "decoder": {"name": "web-accesslog"}, "data": {"protocol": "GET", "srcip": "47.250.57.32", "id": "404", "url": "/config/wp-config.php.bak"}, "location": "C:\\inetpub\\logs\\LogFiles\\W3SVC1\\u_ex240521.log"}
{"timestamp": "2024-05-21T10:25:05.345+0000", "rule": {"level": 8, "description": "User account changed", "id": "60110", "mitre": {"id": ["T1098"], "tactic": ["Persistence"], "technique": ["Account Manipulation"]}, "firedtimes": 1, "mail": false, "groups": ["windows", "windows_security", "account_changed"], "pci_dss": ["8.1.2", "10.2.5"], "gpg13": ["7.10"], "gdpr": ["IV_35.7.d", "IV_32.2"], "hipaa": ["164.312.a.2.I", "164.312.a.2.II", "164.312.b"], "nist_800_53": ["AC.2", "IA.4", "AU.14", "AC.7"], "tsc": ["CC6.8", "CC7.2", "CC7.3"]}, "agent": {"id": "ALU-005", "name": "ALU-WEB-DEV-01", "ip": "192.168.10.50", "labels": {"group": "aluskort-dev"}}, "manager": {"name": "wazuh-manager-alus"}, "id": "1716287105.31951555", "decoder": {"name": "windows_eventchannel"}, "data": {"win": {"system": {"providerName": "Microsoft-Windows-Security-Auditing", "providerGuid": "{54849625-5478-4994-a5ba-3e3b0328c30d}", "eventID": "4738", "version": "0", "level": "0", "task": "13824", "opcode": "0", "keywords": "0x8020000000000000", "systemTime": "2024-05-21T10:25:03.8181478Z", "eventRecordID": "510234", "processID": "1124", "threadID": "1212", "channel": "Security", "computer": "ALU-WEB-DEV-01", "severityValue": "AUDIT_SUCCESS", "message": "\"A user account was changed.\r\n\r\nSubject:\r\n\tSecurity ID:\t\tS-1-5-18\r\n\tAccount Name:\t\tALU-WEB-DEV-01$\r\n\tAccount Domain:\t\tALU-DEV-DOMAIN\r\n\tLogon ID:\t\t0x3E7\r\n\r\nTarget Account:\r\n\tSecurity ID:\t\tS-1-5-21-2899049442-2236495237-2533985289-1001\r\n\tAccount Name:\t\talu-localadmin\r\n\tAccount Domain:\t\tALU-WEB-DEV-01\r\n\r\nChanged Attributes:\r\n\tSAM Account Name:\t-\r\n\tDisplay Name:\t\tAluskort Local Admin\r\n\tUser Principal Name:\t-\r\n\tHome Directory:\t\t-\r\n\tHome Drive:\t\t-\r\n\tScript Path:\t\t-\r\n\tProfile Path:\t\t-\r\n\tUser Workstations:\t-\r\n\tPassword Last Set:\t-\r\n\tAccount Expires:\t\t-\r\n\tPrimary Group ID:\t-\r\n\tAllowedToDelegateTo:\t-\r\n\tOld UAC Value:\t\t-\r\n\tNew UAC Value:\t\t-\r\n\tUser Account Control:\t-\r\n\tUser Parameters:\t-\r\n\tSID History:\t\t-\r\n\tLogon Hours:\t\t-\r\n\r\nAdditional Information:\r\n\tPrivileges:\t\t-\""}, "eventdata": {"targetUserName": "alu-localadmin", "targetDomainName": "ALU-WEB-DEV-01", "targetSid": "S-1-5-21-2899049442-2236495237-2533985289-1001", "subjectUserSid": "S-1-5-18", "subjectUserName": "ALU-WEB-DEV-01$", "subjectDomainName": "ALU-DEV-DOMAIN", "subjectLogonId": "0x3e7", "displayName": "Aluskort Local Admin"}}}, "location": "EventChannel"}
{"timestamp": "2024-05-21T10:30:12.567+0000", "rule": {"level": 8, "description": "A new external device was recognized by the system", "id": "60227", "mitre": {"id": ["T1092"], "tactic": ["Command and Control"], "technique": ["Communication Through Removable Media"]}, "firedtimes": 1, "mail": false, "groups": ["windows", "windows_security", "usb"]}, "agent": {"id": "ALU-001", "name": "ALU-WEB-PROD-01", "ip": "10.50.1.10", "labels": {"group": "aluskort-prod"}}, "manager": {"name": "wazuh-manager-alus"}, "id": "1716287412.37568666", "decoder": {"name": "windows_eventchannel"}, "data": {"win": {"system": {"providerName": "Microsoft-Windows-Security-Auditing", "providerGuid": "{54849625-5478-4994-a5ba-3e3b0328c30d}", "eventID": "6416", "version": "1", "level": "0", "task": "13316", "opcode": "0", "keywords": "0x8020000000000000", "systemTime": "2024-05-21T10:30:10.2976857Z", "eventRecordID": "1350101", "processID": "4", "threadID": "4652", "channel": "Security", "computer": "ALU-WEB-PROD-01", "severityValue": "AUDIT_SUCCESS", "message": "\"A new external device was recognized by the system.\r\n\r\nSubject:\r\n\tSecurity ID:\t\tS-1-5-18\r\n\tAccount Name:\t\tALU-WEB-PROD-01$\r\n\tAccount Domain:\t\tALUSKORT-PROD\r\n\tLogon ID:\t\t0x3E7\r\n\r\nDevice ID:\tUSBSTOR\\Disk&Ven_Generic&Prod_USB_Flash_Disk&Rev_1.00\\ABCDEF123456&0\r\n\r\nDevice Name:\tGeneric USB Flash Disk\r\n\r\nClass ID:\t\t{53f56307-b6bf-11d0-94f2-00a0c91efb8b}\r\n\r\nClass Name:\tDiskDrive\r\n\r\nVendor IDs:\t\r\n\t\tUSBSTOR\\GenDisk\r\n\t\t\r\n\t\t\r\n\r\nCompatible IDs:\t\r\n\t\tUSBSTOR\\Disk\r\n\t\tUSBSTOR\\RAW\r\n\t\tGenDisk\r\n\t\t\r\n\r\nLocation Information:\t-\""}, "eventdata": {"subjectUserSid": "S-1-5-18", "subjectUserName": "ALU-WEB-PROD-01$", "subjectDomainName": "ALUSKORT-PROD", "subjectLogonId": "0x3e7", "deviceId": "USBSTOR\\\\Disk&Ven_Generic&Prod_USB_Flash_Disk&Rev_1.00\\\\ABCDEF123456&0", "deviceDescription": "Generic USB Flash Disk", "classId": "{53f56307-b6bf-11d0-94f2-00a0c91efb8b}", "className": "DiskDrive", "vendorIds": "    USBSTOR\\\\GenDisk", "compatibleIds": "    USBSTOR\\\\Disk    USBSTOR\\\\RAW    GenDisk"}}}, "location": "EventChannel"}
{"timestamp": "2024-05-21T10:35:20.890+0000", "rule": {"level": 10, "description": "Multiple Windows Logon Failures", "id": "60204", "mitre": {"id": ["T1110"], "tactic": ["Credential Access"], "technique": ["Brute Force"]}, "frequency": 8, "firedtimes": 1, "mail": false, "groups": ["windows", "windows_security", "authentication_failures"], "pci_dss": ["10.2.4", "10.2.5", "11.4"], "gdpr": ["IV_35.7.d", "IV_32.2"], "hipaa": ["164.312.b"], "nist_800_53": ["AU.14", "AC.7", "SI.4"], "tsc": ["CC6.1", "CC6.8", "CC7.2", "CC7.3"]}, "agent": {"id": "ALU-001", "name": "ALU-WEB-PROD-01", "ip": "10.50.1.10", "labels": {"group": "aluskort-prod"}}, "manager": {"name": "wazuh-manager-alus"}, "id": "1716287720.40116077", "previous_output": "{\"win\":{\"system\":{\"providerName\":\"Microsoft-Windows-Security-Auditing\",\"providerGuid\":\"{54849625-5478-4994-a5ba-3e3b0328c30d}\",\"eventID\":\"4625\",\"version\":\"0\",\"level\":\"0\",\"task\":\"12544\",\"opcode\":\"0\",\"keywords\":\"0x8010000000000000\",\"systemTime\":\"2024-05-21T10:35:19.101994100Z\",\"eventRecordID\":\"7311228\",\"processID\":\"920\",\"threadID\":\"3160\",\"channel\":\"Security\",\"computer\":\"ALU-WEB-PROD-01\",\"severityValue\":\"AUDIT_FAILURE\",\"message\":\"An account failed to log on...\"},\"eventdata\":{\"subjectUserSid\":\"S-1-0-0\",\"subjectLogonId\":\"0x0\",\"targetUserSid\":\"S-1-0-0\",\"targetUserName\":\"diana.gomez\",\"targetDomainName\":\"ALUSKORT-PROD\",\"status\":\"0xc000006d\",\"failureReason\":\"%%2313\",\"subStatus\":\"0xc000006a\",\"logonType\":\"3\",\"logonProcessName\":\"NtLmSsp\",\"authenticationPackageName\":\"NTLM\",\"workstationName\":\"ATTACKER-PC\",\"keyLength\":\"0\",\"processId\":\"0x0\",\"ipAddress\":\"203.0.113.75\",\"ipPort\":\"59773\"}}}", "decoder": {"name": "windows_eventchannel"}, "data": {"win": {"system": {"providerName": "Microsoft-Windows-Security-Auditing", "providerGuid": "{54849625-5478-4994-a5ba-3e3b0328c30d}", "eventID": "4625", "version": "0", "level": "0", "task": "12544", "opcode": "0", "keywords": "0x8010000000000000", "systemTime": "2024-05-21T10:35:19.105084500Z", "eventRecordID": "7311229", "processID": "920", "threadID": "3160", "channel": "Security", "computer": "ALU-WEB-PROD-01", "severityValue": "AUDIT_FAILURE", "message": "\"An account failed to log on.\r\n\r\nSubject:\r\n\tSecurity ID:\t\tS-1-0-0\r\n\tAccount Name:\t\t-\r\n\tAccount Domain:\t\t-\r\n\tLogon ID:\t\t0x0\r\n\r\nLogon Type:\t\t\t3\r\n\r\nAccount For Which Logon Failed:\r\n\tSecurity ID:\t\tS-1-0-0\r\n\tAccount Name:\t\tdiana.gomez\r\n\tAccount Domain:\t\tALUSKORT-PROD\r\n\r\nFailure Information:\r\n\tFailure Reason:\t\tUnknown user name or bad password.\r\n\tStatus:\t\t\t0xC000006D\r\n\tSub Status:\t\t0xC000006A\r\n\r\nProcess Information:\r\n\tCaller Process ID:\t0x0\r\n\tCaller Process Name:\t-\r\n\r\nNetwork Information:\r\n\tWorkstation Name:\tATTACKER-PC      \r\n\tSource Network Address:\t203.0.113.75\r\n\tSource Port:\t\t59774\r\n\r\nDetailed Authentication Information:\r\n\tLogon Process:\t\tNtLmSsp \r\n\tAuthentication Package:\tNTLM\r\n\tTransited Services:\t-\r\n\tPackage Name (NTLM only):\tNTLM V2\r\n\tKey Length:\t\t0\r\n\r\n...\""}, "eventdata": {"subjectUserSid": "S-1-0-0", "subjectLogonId": "0x0", "targetUserSid": "S-1-0-0", "targetUserName": "diana.gomez", "targetDomainName": "ALUSKORT-PROD", "status": "0xc000006d", "failureReason": "%%2313", "subStatus": "0xc000006a", "logonType": "3", "logonProcessName": "NtLmSsp ", "authenticationPackageName": "NTLM", "workstationName": "ATTACKER-PC", "keyLength": "0", "processId": "0x0", "ipAddress": "203.0.113.75", "ipPort": "59774"}}}, "location": "EventChannel"}
{"timestamp": "2024-05-21T10:40:30.123+0000", "rule": {"level": 10, "description": "Multiple web server 401 error codes from same source ip.", "id": "31154", "mitre": {"id": ["T1110"], "tactic": ["Credential Access"], "technique": ["Brute Force"]}, "frequency": 14, "firedtimes": 1, "mail": false, "groups": ["web", "accesslog", "authentication_failures"], "pci_dss": ["6.5", "11.4"], "gdpr": ["IV_35.7.d"], "nist_800_53": ["SA.11", "SI.4"], "tsc": ["CC6.6", "CC7.1", "CC8.1", "CC6.1", "CC6.8", "CC7.2", "CC7.3"]}, "agent": {"id": "ALU-011", "name": "ALU-AUTH-PROD-01", "ip": "10.50.2.5", "labels": {"group": "aluskort-security"}}, "manager": {"name": "wazuh-manager-alus"}, "id": "1716288030.51316288", "previous_output": "192.168.10.50 - - [21/May/2024:10:40:29 +0000] \"POST /oauth2/token HTTP/1.1\" 401 182 \"-\" \"curl/7.68.0\"\n192.168.10.50 - - [21/May/2024:10:40:28 +0000] \"POST /oauth2/token HTTP/1.1\" 401 182 \"-\" \"curl/7.68.0\"\n192.168.10.50 - - [21/May/2024:10:40:27 +0000] \"POST /oauth2/token HTTP/1.1\" 401 182 \"-\" \"curl/7.68.0\"\n192.168.10.50 - - [21/May/2024:10:40:26 +0000] \"POST /oauth2/token HTTP/1.1\" 401 182 \"-\" \"curl/7.68.0\"", "full_log": "192.168.10.50 - - [21/May/2024:10:40:30 +0000] \"POST /oauth2/token HTTP/1.1\" 401 182 \"-\" \"curl/7.68.0\"", "decoder": {"name": "nginx"}, "data": {"protocol": "POST", "srcip": "192.168.10.50", "id": "401", "url": "/oauth2/token"}, "location": "/var/log/nginx/auth.aluskort.com.access.log"}
{"timestamp": "2024-05-21T10:45:15.987+0000", "rule": {"level": 8, "description": "A new external device was recognized by the system", "id": "60227", "mitre": {"id": ["T1092"], "tactic": ["Command and Control"], "technique": ["Communication Through Removable Media"]}, "firedtimes": 1, "mail": false, "groups": ["windows", "windows_security", "usb"]}, "agent": {"id": "ALU-006", "name": "ALU-BCK-PROD-01", "ip": "10.50.1.30", "labels": {"group": "aluskort-infra"}}, "manager": {"name": "wazuh-manager-alus"}, "id": "1716288315.55786199", "decoder": {"name": "windows_eventchannel"}, "data": {"win": {"system": {"providerName": "Microsoft-Windows-Security-Auditing", "providerGuid": "{54849625-5478-4994-a5ba-3e3b0328c30d}", "eventID": "6416", "version": "1", "level": "0", "task": "13316", "opcode": "0", "keywords": "0x8020000000000000", "systemTime": "2024-05-21T10:45:14.4874132Z", "eventRecordID": "97998811", "processID": "4", "threadID": "1052", "channel": "Security", "computer": "ALU-BCK-PROD-01", "severityValue": "AUDIT_SUCCESS", "message": "\"A new external device was recognized by the system.\r\n\r\nSubject:\r\n\tSecurity ID:\t\tS-1-5-18\r\n\tAccount Name:\t\tALU-BCK-PROD-01$\r\n\tAccount Domain:\t\tALUSKORT-PROD\r\n\tLogon ID:\t\t0x3E7\r\n\r\nDevice ID:\tUSBSTOR\\Disk&Ven_Kingston&Prod_DataTraveler_3.0&Rev_PMAP\\001CC0EC34F0B0C091A60060&0\r\n\r\nDevice Name:\tKingston DataTraveler 3.0 USB Device\r\n\r\nClass ID:\t\t{53f56307-b6bf-11d0-94f2-00a0c91efb8b}\r\n\r\nClass Name:\tDiskDrive\r\n\r\nVendor IDs:\t\r\n\t\tUSBSTOR\\DiskKingstonDataTraveler_3.0PMAP\r\n\t\tUSBSTOR\\DiskKingstonDataTraveler_3.0\r\n\t\tUSBSTOR\\DiskKingston\r\n\t\t\r\n\r\nCompatible IDs:\t\r\n\t\tUSBSTOR\\Disk\r\n\t\tUSBSTOR\\RAW\r\n\t\tGenDisk\r\n\t\t\r\n\r\nLocation Information:\t-\""}, "eventdata": {"subjectUserSid": "S-1-5-18", "subjectUserName": "ALU-BCK-PROD-01$", "subjectDomainName": "ALUSKORT-PROD", "subjectLogonId": "0x3e7", "deviceId": "USBSTOR\\\\Disk&Ven_Kingston&Prod_DataTraveler_3.0&Rev_PMAP\\\\001CC0EC34F0B0C091A60060&0", "deviceDescription": "Kingston DataTraveler 3.0 USB Device", "classId": "{53f56307-b6bf-11d0-94f2-00a0c91efb8b}", "className": "DiskDrive", "vendorIds": "    USBSTOR\\\\DiskKingstonDataTraveler_3.0PMAP    USBSTOR\\\\DiskKingstonDataTraveler_3.0    USBSTOR\\\\DiskKingston", "compatibleIds": "    USBSTOR\\\\Disk    USBSTOR\\\\RAW    GenDisk"}}}, "location": "EventChannel"}
{"timestamp": "2024-05-21T10:50:05.777+0000", "rule": {"level": 12, "description": "Administrators Group Changed", "id": "60154", "mitre": {"id": ["T1098", "T1484"], "tactic": ["Defense Evasion", "Privilege Escalation", "Persistence"], "technique": ["Domain Policy Modification", "Account Manipulation"]}, "firedtimes": 1, "mail": true, "groups": ["windows", "windows_security", "group_changed", "win_group_changed"], "pci_dss": ["8.1.2", "10.2.5"], "gpg13": ["7.10"], "gdpr": ["IV_35.7.d", "IV_32.2"], "hipaa": ["164.312.a.2.I", "164.312.a.2.II", "164.312.b"], "nist_800_53": ["AC.2", "IA.4", "AU.14", "AC.7"], "tsc": ["CC6.8", "CC7.2", "CC7.3"]}, "agent": {"id": "ALU-001", "name": "ALU-WEB-PROD-01", "ip": "10.50.1.10", "labels": {"group": "aluskort-prod"}}, "manager": {"name": "wazuh-manager-alus"}, "id": "1716288605.87908610", "decoder": {"name": "windows_eventchannel"}, "data": {"win": {"system": {"providerName": "Microsoft-Windows-Security-Auditing", "providerGuid": "{54849625-5478-4994-A5BA-3E3B0328C30D}", "eventID": "4732", "version": "0", "level": "0", "task": "13826", "opcode": "0", "keywords": "0x8020000000000000", "systemTime": "2024-05-21T10:50:04.1520043Z", "eventRecordID": "711234", "processID": "884", "threadID": "916", "channel": "Security", "computer": "ALU-WEB-PROD-01", "severityValue": "AUDIT_SUCCESS", "message": "\"A member was added to a security-enabled local group.\r\n\r\nSubject:\r\n\tSecurity ID:\t\tS-1-5-21-1234567890-1234567890-1234567890-1121\r\n\tAccount Name:\t\tanika.sharma\r\n\tAccount Domain:\t\tALUSKORT-PROD\r\n\tLogon ID:\t\t0xEFE0123\r\n\r\nMember:\r\n\tSecurity ID:\t\tS-1-5-21-987654321-987654321-987654321-505\r\n\tAccount Name:\t\ttemp_admin_svc\r\n\r\nGroup:\r\n\tSecurity ID:\t\tS-1-5-32-544\r\n\tGroup Name:\t\tAdministrators\r\n\tGroup Domain:\t\tBuiltin\r\n\r\nAdditional Information:\r\n\tPrivileges:\t\t-\""}, "eventdata": {"memberSid": "S-1-5-21-987654321-987654321-987654321-505", "membername": "temp_admin_svc", "targetUserName": "Administrators", "targetDomainName": "Builtin", "targetSid": "S-1-5-32-544", "subjectUserSid": "S-1-5-21-1234567890-1234567890-1234567890-1121", "subjectUserName": "anika.sharma", "subjectDomainName": "ALUSKORT-PROD", "subjectLogonId": "0xefe0123"}}}, "location": "EventChannel"}
{"timestamp": "2024-05-21T11:00:00.123+0000", "rule": {"level": 10, "description": "Multiple Windows Logon Failures", "id": "60204", "mitre": {"id": ["T1110"], "tactic": ["Credential Access"], "technique": ["Brute Force"]}, "frequency": 8, "firedtimes": 1, "mail": false, "groups": ["windows", "windows_security", "authentication_failures"], "pci_dss": ["10.2.4", "10.2.5", "11.4"], "gdpr": ["IV_35.7.d", "IV_32.2"], "hipaa": ["164.312.b"], "nist_800_53": ["AU.14", "AC.7", "SI.4"], "tsc": ["CC6.1", "CC6.8", "CC7.2", "CC7.3"]}, "agent": {"id": "ALU-001", "name": "ALU-WEB-PROD-01", "ip": "10.50.1.10", "labels": {"group": "aluskort-prod"}}, "manager": {"name": "wazuh-manager-alus"}, "id": "1716294000.53859762", "previous_output": "{\"win\":{\"system\":{\"providerName\":\"Microsoft-Windows-Security-Auditing\",\"providerGuid\":\"{54849625-5478-4994-a5ba-3e3b0328c30d}\",\"eventID\":\"4625\",\"version\":\"0\",\"level\":\"0\",\"task\":\"12544\",\"opcode\":\"0\",\"keywords\":\"0x8010000000000000\",\"systemTime\":\"2024-05-21T10:59:58.999612100Z\",\"eventRecordID\":\"7450102\",\"processID\":\"920\",\"threadID\":\"3648\",\"channel\":\"Security\",\"computer\":\"ALU-WEB-PROD-01\",\"severityValue\":\"AUDIT_FAILURE\",\"message\":\"\\\"An account failed to log on.\\r\\n\\r\\nSubject:\\r\\n\\tSecurity ID:\\t\\tS-1-0-0\\r\\n\\tAccount Name:\\t\\t-\\r\\n\\tAccount Domain:\\t\\t-\\r\\n\\tLogon ID:\\t\\t0x0\\r\\n\\r\\nLogon Type:\\t\\t\\t3\\r\\n\\r\\nAccount For Which Logon Failed:\\r\\n\\tSecurity ID:\\t\\tS-1-0-0\\r\\n\\tAccount Name:\\t\\talu-backupsvc$\\r\\n\\tAccount Domain:\\t\\tALUSKORT-PROD\\r\\n\\r\\nFailure Information:\\r\\n\\tFailure Reason:\\t\\tThe user has not been granted the requested logon type at this machine.\\r\\n\\tStatus:\\t\\t\\t0xC000015B\\r\\n\\tSub Status:\\t\\t0x0\\r\\n\\r\\nProcess Information:\\r\\n\\tCaller Process ID:\\t0x0\\r\\n\\tCaller Process Name:\\t-\\r\\n\\r\\nNetwork Information:\\r\\n\\tWorkstation Name:\\tALU-BCK-PROD-01      \\r\\n\\tSource Network Address:\\t10.50.1.30\\r\\n\\tSource Port:\\t\\t65243\\r\\n\\r\\nDetailed Authentication Information:\\r\\n\\tLogon Process:\\t\\tKerberos\\r\\n\\tAuthentication Package:\\tKerberos\\r\\n\\tTransited Services:\\t-\\r\\n\\tPackage Name (NTLM only):\\t-\\r\\n\\tKey Length:\\t\\t0\\r\\n\\r\\n...\"\"},\"eventdata\":{\"subjectUserSid\":\"S-1-0-0\",\"subjectLogonId\":\"0x0\",\"targetUserSid\":\"S-1-0-0\",\"targetUserName\":\"alu-backupsvc$\",\"targetDomainName\":\"ALUSKORT-PROD\",\"status\":\"0xc000015b\",\"failureReason\":\"%%2308\",\"subStatus\":\"0x0\",\"logonType\":\"3\",\"logonProcessName\":\"Kerberos\",\"authenticationPackageName\":\"Kerberos\",\"workstationName\":\"ALU-BCK-PROD-01\",\"keyLength\":\"0\",\"processId\":\"0x0\",\"ipAddress\":\"10.50.1.30\",\"ipPort\":\"65243\"}}}", "full_log": "(Previous logs showing similar failures from 10.50.1.30 targeting alu-backupsvc$)", "decoder": {"name": "windows_eventchannel"}, "data": {"win": {"system": {"providerName": "Microsoft-Windows-Security-Auditing", "providerGuid": "{54849625-5478-4994-a5ba-3e3b0328c30d}", "eventID": "4625", "version": "0", "level": "0", "task": "12544", "opcode": "0", "keywords": "0x8010000000000000", "systemTime": "2024-05-21T10:59:59.203567500Z", "eventRecordID": "7450103", "processID": "920", "threadID": "3648", "channel": "Security", "computer": "ALU-WEB-PROD-01", "severityValue": "AUDIT_FAILURE", "message": "\"An account failed to log on.\r\n\r\nSubject:\r\n\tSecurity ID:\t\tS-1-0-0\r\n\tAccount Name:\t\t-\r\n\tAccount Domain:\t\t-\r\n\tLogon ID:\t\t0x0\r\n\r\nLogon Type:\t\t\t3\r\n\r\nAccount For Which Logon Failed:\r\n\tSecurity ID:\t\tS-1-0-0\r\n\tAccount Name:\t\talu-backupsvc$\r\n\tAccount Domain:\t\tALUSKORT-PROD\r\n\r\nFailure Information:\r\n\tFailure Reason:\t\tThe user has not been granted the requested logon type at this machine.\r\n\tStatus:\t\t\t0xC000015B\r\n\tSub Status:\t\t0x0\r\n\r\nProcess Information:\r\n\tCaller Process ID:\t0x0\r\n\tCaller Process Name:\t-\r\n\r\nNetwork Information:\r\n\tWorkstation Name:\tALU-BCK-PROD-01      \r\n\tSource Network Address:\t10.50.1.30\r\n\tSource Port:\t\t65244\r\n\r\nDetailed Authentication Information:\r\n\tLogon Process:\t\tKerberos\r\n\tAuthentication Package:\tKerberos\r\n\tTransited Services:\t-\r\n\tPackage Name (NTLM only):\t-\r\n\tKey Length:\t\t0\r\n\r\n...\""}, "eventdata": {"subjectUserSid": "S-1-0-0", "subjectLogonId": "0x0", "targetUserSid": "S-1-0-0", "targetUserName": "alu-backupsvc$", "targetDomainName": "ALUSKORT-PROD", "status": "0xc000015b", "failureReason": "%%2308", "subStatus": "0x0", "logonType": "3", "logonProcessName": "Kerberos", "authenticationPackageName": "Kerberos", "workstationName": "ALU-BCK-PROD-01", "keyLength": "0", "processId": "0x0", "ipAddress": "10.50.1.30", "ipPort": "65244"}}}, "location": "EventChannel"}